
> @ignite-ui/docs@1.0.0 build
> storybook build

@storybook/cli v7.0.14

info => Cleaning outputDir: /storybook-static
info => Loading presets
info => Building manager..
info => Manager built (207 ms)
info => Copying static files: /home/brunomeireles/Documents/GitHub/Rocketseat-Curso-React-Ignite/05-design-system/node_modules/@storybook/manager/static at /home/brunomeireles/Documents/GitHub/Rocketseat-Curso-React-Ignite/05-design-system/packages/docs/storybook-static/sb-common-assets
vite v4.3.8 building for production...

./sb-common-assets/fonts.css doesn't exist at build time, it will remain unchanged to be resolved at runtime
transforming...
Use of eval in "../../node_modules/telejson/dist/index.mjs" is strongly discouraged as it poses security risks and may cause issues with minification.
Use of eval in "../../node_modules/telejson/dist/index.mjs" is strongly discouraged as it poses security risks and may cause issues with minification.
✓ 579 modules transformed.
rendering chunks...
computing gzip size...
storybook-static/iframe.html                                          13.04 kB │ gzip:   3.68 kB
storybook-static/assets/TokensGrid-37594f72.css                        0.44 kB │ gzip:   0.22 kB
storybook-static/assets/index-3685aeb7.js                              0.25 kB │ gzip:   0.20 kB │ map:     0.10 kB
storybook-static/assets/_commonjsHelpers-725317a4.js                   0.29 kB │ gzip:   0.23 kB │ map:     0.11 kB
storybook-static/assets/preview-38c88e16.js                            0.32 kB │ gzip:   0.27 kB │ map:     0.69 kB
storybook-static/assets/DocsRenderer-EYKKDMVH-8c6d27e4.js              0.42 kB │ gzip:   0.28 kB │ map:     0.11 kB
storybook-static/assets/WithTooltip-FBT32F6Q-35c34960.js               0.44 kB │ gzip:   0.28 kB │ map:     0.11 kB
storybook-static/assets/syntaxhighlighter-QTQ2UBB4-8c152d22.js         0.46 kB │ gzip:   0.30 kB │ map:     0.12 kB
storybook-static/assets/index-dc1d5b46.js                              0.53 kB │ gzip:   0.34 kB │ map:     4.23 kB
storybook-static/assets/preview-248a8106.js                            0.53 kB │ gzip:   0.35 kB │ map:     0.51 kB
storybook-static/assets/preview-61e7b1b1.js                            0.72 kB │ gzip:   0.50 kB │ map:     3.75 kB
storybook-static/assets/index-356e4a49.js                              0.81 kB │ gzip:   0.51 kB │ map:     3.21 kB
storybook-static/assets/TokensGrid-4533038b.js                         0.88 kB │ gzip:   0.46 kB │ map:     1.67 kB
storybook-static/assets/preview-c1303755.js                            0.92 kB │ gzip:   0.60 kB │ map:     2.79 kB
storybook-static/assets/index-e12bbcad.js                              0.92 kB │ gzip:   0.51 kB │ map:     2.49 kB
storybook-static/assets/jsx-runtime-6eef64cc.js                        0.97 kB │ gzip:   0.61 kB │ map:     2.21 kB
storybook-static/assets/home.stories-773c8287.js                       1.10 kB │ gzip:   0.62 kB │ map:     1.28 kB
storybook-static/assets/radii.stories-7caef385.js                      1.18 kB │ gzip:   0.64 kB │ map:     1.44 kB
storybook-static/assets/space.stories-1861671d.js                      1.18 kB │ gzip:   0.64 kB │ map:     1.44 kB
storybook-static/assets/font-weights.stories-514f8cc5.js               1.20 kB │ gzip:   0.64 kB │ map:     1.46 kB
storybook-static/assets/font-sizes.stories-335c652e.js                 1.20 kB │ gzip:   0.65 kB │ map:     1.47 kB
storybook-static/assets/fonts.stories-b829cd4f.js                      1.21 kB │ gzip:   0.65 kB │ map:     1.46 kB
storybook-static/assets/line-height.stories-5e217535.js                1.21 kB │ gzip:   0.65 kB │ map:     1.48 kB
storybook-static/assets/colors.stories-cc84e193.js                     1.52 kB │ gzip:   0.82 kB │ map:     2.53 kB
storybook-static/assets/preview-a60aa466.js                            2.40 kB │ gzip:   1.25 kB │ map:    10.67 kB
storybook-static/assets/index-d37d4223.js                              2.63 kB │ gzip:   1.30 kB │ map:     7.42 kB
storybook-static/assets/preview-a3bbd672.js                            3.26 kB │ gzip:   1.41 kB │ map:     9.94 kB
storybook-static/assets/index-c013ead5.js                              7.21 kB │ gzip:   2.95 kB │ map:    15.60 kB
storybook-static/assets/iframe-7e72abce.js                             7.33 kB │ gzip:   1.91 kB │ map:     7.74 kB
storybook-static/assets/preview-3c45e272.js                            7.70 kB │ gzip:   1.62 kB │ map:    13.60 kB
storybook-static/assets/preview-8950cbd7.js                            8.03 kB │ gzip:   3.06 kB │ map:    28.01 kB
storybook-static/assets/GlobalScrollAreaStyles-XIHNDKUY-4fec3789.js   10.42 kB │ gzip:   2.36 kB │ map:    15.68 kB
storybook-static/assets/Button.stories-3040edbc.js                    19.44 kB │ gzip:   7.55 kB │ map:    44.25 kB
storybook-static/assets/preview-b7e64273.js                           21.11 kB │ gzip:   7.01 kB │ map:    68.03 kB
storybook-static/assets/chunk-4NMOSTKD-5ce7b661.js                    21.63 kB │ gzip:   7.23 kB │ map:    49.49 kB
storybook-static/assets/Color-3YIJY6X7-ca1857ad.js                    31.05 kB │ gzip:  11.67 kB │ map:   111.99 kB
storybook-static/assets/OverlayScrollbars-VAV6LJAB-273574e0.js        58.99 kB │ gzip:  25.30 kB │ map:   277.41 kB
storybook-static/assets/index-530d9bea.js                            213.04 kB │ gzip:  66.69 kB │ map:   647.00 kB
storybook-static/assets/config-272387e8.js                           318.21 kB │ gzip:  98.31 kB │ map: 1,138.89 kB
storybook-static/assets/chunk-PCJTTTQV-f1252ed5.js                   482.47 kB │ gzip: 158.60 kB │ map: 1,392.39 kB
storybook-static/assets/formatter-S4K5WUZV-22f302f0.js               601.63 kB │ gzip: 185.04 kB │ map: 1,314.23 kB

(!) Some chunks are larger than 500 kBs after minification. Consider:
- Using dynamic import() to code-split the application
- Use build.rollupOptions.output.manualChunks to improve chunking: https://rollupjs.org/configuration-options/#output-manualchunks
- Adjust chunk size limit for this warning via build.chunkSizeWarningLimit.
✓ built in 9.71s
info => Output directory: /home/brunomeireles/Documents/GitHub/Rocketseat-Curso-React-Ignite/05-design-system/packages/docs/storybook-static
